{
  "RSpec": {
    "coverage": {
      "C:/Users/marci/OneDrive/Pulpit/TestowanieApp/TestowanieAplikacjiRuby/spec/acronym_spec.rb": [
        1,
        null,
        1,
        1,
        1,
        null,
        null,
        1,
        1,
        null,
        null,
        1,
        1,
        null,
        null,
        1,
        1,
        null,
        null,
        1,
        1,
        null,
        null,
        1,
        1,
        null,
        null,
        1,
        1,
        null,
        null,
        null
      ],
      "C:/Users/marci/OneDrive/Pulpit/TestowanieApp/TestowanieAplikacjiRuby/lib/acronym.rb": [
        1,
        1,
        7,
        null,
        null
      ],
      "C:/Users/marci/OneDrive/Pulpit/TestowanieApp/TestowanieAplikacjiRuby/spec/anagram_spec.rb": [
        1,
        1,
        1,
        1,
        1,
        1,
        1,
        null,
        1,
        1,
        1,
        1,
        1,
        null,
        1,
        1,
        1,
        1,
        1,
        null,
        1,
        1,
        1,
        1,
        1,
        null,
        1,
        1,
        1,
        1,
        1,
        null,
        1,
        1,
        1,
        1,
        1,
        null,
        1,
        1,
        1,
        1,
        1,
        null,
        1,
        1,
        1,
        1,
        1,
        null,
        1,
        1,
        1,
        1,
        1,
        null,
        1,
        1,
        1,
        1,
        1,
        null,
        1,
        1,
        1,
        1,
        1,
        null,
        1,
        1,
        1,
        1,
        1,
        null,
        null
      ],
      "C:/Users/marci/OneDrive/Pulpit/TestowanieApp/TestowanieAplikacjiRuby/lib/anagram.rb": [
        1,
        1,
        12,
        12,
        null,
        null,
        1,
        12,
        34,
        34,
        15,
        101,
        74,
        null,
        null,
        15,
        9,
        null,
        null,
        null,
        12,
        null,
        null
      ],
      "C:/Users/marci/OneDrive/Pulpit/TestowanieApp/TestowanieAplikacjiRuby/spec/book_store_spec.rb": [
        1,
        null,
        1,
        1,
        1,
        1,
        null,
        null,
        1,
        1,
        1,
        null,
        null,
        1,
        1,
        1,
        null,
        null,
        1,
        1,
        1,
        null,
        null,
        1,
        1,
        1,
        null,
        null,
        1,
        1,
        1,
        null,
        null,
        1,
        1,
        1,
        null,
        null,
        1,
        1,
        1,
        null,
        null,
        1,
        1,
        1,
        null,
        null,
        1,
        1,
        1,
        null,
        null,
        1,
        1,
        1,
        null,
        null,
        1,
        1,
        1,
        null,
        null,
        1,
        1,
        1,
        null,
        null,
        1,
        1,
        1,
        null,
        null,
        1,
        1,
        1,
        null,
        null
      ],
      "C:/Users/marci/OneDrive/Pulpit/TestowanieApp/TestowanieAplikacjiRuby/lib/book_store.rb": [
        1,
        1,
        null,
        1,
        15,
        15,
        14,
        14,
        111,
        14,
        14,
        null,
        null,
        1,
        null,
        1,
        61992,
        371828,
        61992,
        30444,
        null,
        31548,
        61978,
        61978,
        null,
        null,
        null,
        null,
        1,
        61978,
        61978,
        2078,
        59900,
        4138,
        55762,
        8164,
        47598,
        16050,
        31548,
        31548,
        null,
        null,
        null
      ],
      "C:/Users/marci/OneDrive/Pulpit/TestowanieApp/TestowanieAplikacjiRuby/spec/etl_spec.rb": [
        1,
        1,
        1,
        1,
        1,
        1,
        null,
        1,
        1,
        1,
        1,
        null,
        1,
        1,
        1,
        1,
        null,
        1,
        1,
        null,
        null,
        null,
        null,
        null,
        null,
        1,
        null,
        null,
        null,
        null,
        null,
        null,
        null,
        null,
        null,
        null,
        null,
        null,
        null,
        null,
        null,
        null,
        null,
        null,
        null,
        null,
        null,
        null,
        null,
        null,
        null,
        1,
        null,
        null
      ],
      "C:/Users/marci/OneDrive/Pulpit/TestowanieApp/TestowanieAplikacjiRuby/lib/etl.rb": [
        1,
        1,
        4,
        null,
        11,
        null,
        null,
        null,
        null
      ],
      "C:/Users/marci/OneDrive/Pulpit/TestowanieApp/TestowanieAplikacjiRuby/spec/grade_school_spec.rb": [
        1,
        null,
        1,
        1,
        1,
        1,
        1,
        null,
        null,
        1,
        1,
        1,
        1,
        1,
        null,
        null,
        1,
        1,
        1,
        1,
        1,
        1,
        null,
        null,
        1,
        1,
        1,
        1,
        4,
        1,
        null,
        null,
        1,
        1,
        1,
        1,
        4,
        1,
        1,
        null,
        null,
        1,
        1,
        1,
        1,
        null,
        null,
        1,
        1,
        1,
        1,
        4,
        1,
        1,
        null,
        null,
        1,
        1,
        1,
        10,
        null,
        1,
        1,
        null,
        null,
        1,
        null,
        1,
        null,
        null,
        null,
        null,
        null,
        1,
        null,
        1,
        null,
        null,
        null,
        null,
        null
      ],
      "C:/Users/marci/OneDrive/Pulpit/TestowanieApp/TestowanieAplikacjiRuby/lib/grade_school.rb": [
        1,
        1,
        8,
        null,
        null,
        1,
        19,
        10,
        null,
        9,
        9,
        null,
        null,
        null,
        1,
        6,
        1,
        null,
        5,
        null,
        null,
        1,
        3,
        1,
        null,
        2,
        2,
        4,
        null,
        2,
        null,
        null
      ],
      "C:/Users/marci/OneDrive/Pulpit/TestowanieApp/TestowanieAplikacjiRuby/spec/grains_spec.rb": [
        1,
        1,
        1,
        1,
        null,
        null,
        1,
        1,
        null,
        null,
        1,
        1,
        null,
        null,
        1,
        1,
        null,
        1,
        1,
        null,
        1,
        1,
        null,
        null,
        1,
        1,
        null,
        null,
        1,
        2,
        null,
        null,
        1,
        2,
        null,
        null,
        1,
        2,
        null,
        null,
        1,
        1,
        null,
        null
      ],
      "C:/Users/marci/OneDrive/Pulpit/TestowanieApp/TestowanieAplikacjiRuby/lib/grains.rb": [
        1,
        1,
        11,
        11,
        3,
        null,
        8,
        8,
        178,
        null,
        8,
        null,
        null,
        1,
        1,
        1,
        1,
        64,
        null,
        1,
        null,
        null
      ],
      "C:/Users/marci/OneDrive/Pulpit/TestowanieApp/TestowanieAplikacjiRuby/spec/hamming_spec.rb": [
        1,
        1,
        1,
        1,
        null,
        null,
        1,
        1,
        null,
        null,
        1,
        1,
        null,
        null,
        1,
        1,
        null,
        1,
        1,
        null,
        1,
        2,
        null,
        1,
        2,
        null,
        null
      ],
      "C:/Users/marci/OneDrive/Pulpit/TestowanieApp/TestowanieAplikacjiRuby/lib/hamming.rb": [
        1,
        1,
        7,
        7,
        2,
        null,
        5,
        32,
        10,
        null,
        null,
        5,
        null,
        null
      ],
      "C:/Users/marci/OneDrive/Pulpit/TestowanieApp/TestowanieAplikacjiRuby/spec/hello_world_spec.rb": [
        1,
        1,
        1,
        1,
        null,
        null
      ],
      "C:/Users/marci/OneDrive/Pulpit/TestowanieApp/TestowanieAplikacjiRuby/lib/hello_world.rb": [
        1,
        1,
        1,
        null,
        null
      ],
      "C:/Users/marci/OneDrive/Pulpit/TestowanieApp/TestowanieAplikacjiRuby/spec/high_score_spec.rb": [
        1,
        1,
        1,
        1,
        1,
        null,
        1,
        1,
        1,
        null,
        1,
        1,
        1,
        null,
        1,
        1,
        1,
        null,
        1,
        1,
        1,
        null,
        1,
        1,
        1,
        null,
        1,
        1,
        1,
        null,
        1,
        1,
        1,
        null,
        1,
        1,
        1,
        null,
        1,
        1,
        1,
        null,
        null
      ],
      "C:/Users/marci/OneDrive/Pulpit/TestowanieApp/TestowanieAplikacjiRuby/lib/high_scores.rb": [
        1,
        1,
        10,
        null,
        null,
        1,
        1,
        null,
        null,
        1,
        3,
        null,
        null,
        1,
        3,
        null,
        null,
        1,
        5,
        null,
        null,
        1,
        2,
        null,
        null
      ],
      "C:/Users/marci/OneDrive/Pulpit/TestowanieApp/TestowanieAplikacjiRuby/spec/matrix_spec.rb": [
        1,
        1,
        1,
        1,
        1,
        null,
        null,
        1,
        1,
        1,
        null,
        null,
        1,
        1,
        1,
        null,
        null,
        1,
        1,
        1,
        null,
        1,
        1,
        1,
        null,
        1,
        1,
        1,
        null,
        null
      ],
      "C:/Users/marci/OneDrive/Pulpit/TestowanieApp/TestowanieAplikacjiRuby/lib/matrix.rb": [
        1,
        1,
        6,
        6,
        6,
        21,
        22,
        6,
        15,
        15,
        41,
        41,
        41,
        null,
        15,
        null,
        null,
        null,
        1,
        4,
        null,
        1,
        2,
        null,
        null
      ],
      "C:/Users/marci/OneDrive/Pulpit/TestowanieApp/TestowanieAplikacjiRuby/spec/raindrops_spec.rb": [
        1,
        null,
        1,
        2,
        1,
        1,
        null,
        1,
        1,
        null,
        1,
        1,
        null,
        1,
        1,
        null,
        1,
        1,
        null,
        1,
        1,
        null,
        1,
        1,
        null,
        1,
        1,
        null,
        1,
        1,
        null,
        1,
        1,
        null,
        1,
        1,
        null,
        1,
        1,
        null,
        1,
        1,
        null,
        1,
        1,
        null,
        2,
        1,
        1,
        null,
        1,
        1,
        null,
        null
      ],
      "C:/Users/marci/OneDrive/Pulpit/TestowanieApp/TestowanieAplikacjiRuby/lib/raindrops.rb": [
        1,
        1,
        18,
        3535,
        18,
        68,
        7,
        null,
        68,
        7,
        null,
        68,
        6,
        null,
        null,
        18,
        3,
        null,
        15,
        null,
        null
      ],
      "C:/Users/marci/OneDrive/Pulpit/TestowanieApp/TestowanieAplikacjiRuby/spec/resistor_color_duo_spec.rb": [
        1,
        1,
        1,
        1,
        null,
        1,
        1,
        null,
        1,
        1,
        null,
        1,
        1,
        null,
        1,
        1,
        null,
        null
      ],
      "C:/Users/marci/OneDrive/Pulpit/TestowanieApp/TestowanieAplikacjiRuby/lib/resistor_color_duo.rb": [
        1,
        1,
        null,
        null,
        null,
        null,
        null,
        1,
        5,
        null,
        null
      ],
      "C:/Users/marci/OneDrive/Pulpit/TestowanieApp/TestowanieAplikacjiRuby/spec/run_length_encoding_spec.rb": [
        1,
        1,
        1,
        1,
        1,
        1,
        null,
        null,
        1,
        1,
        1,
        1,
        null,
        1,
        1,
        1,
        1,
        null,
        1,
        1,
        1,
        1,
        null,
        1,
        1,
        1,
        1,
        null,
        1,
        1,
        1,
        1,
        null,
        1,
        1,
        1,
        1,
        null,
        1,
        1,
        1,
        1,
        null,
        1,
        1,
        1,
        1,
        null,
        1,
        1,
        1,
        1,
        null,
        1,
        1,
        1,
        1,
        null,
        1,
        1,
        1,
        1,
        null,
        1,
        1,
        1,
        1,
        null,
        null
      ],
      "C:/Users/marci/OneDrive/Pulpit/TestowanieApp/TestowanieAplikacjiRuby/lib/run_length_encoding.rb": [
        1,
        1,
        7,
        null,
        96,
        29,
        null,
        null,
        1,
        7,
        null,
        29,
        null,
        null,
        null
      ],
      "C:/Users/marci/OneDrive/Pulpit/TestowanieApp/TestowanieAplikacjiRuby/spec/series_spec.rb": [
        1,
        1,
        1,
        1,
        1,
        null,
        1,
        1,
        1,
        null,
        1,
        1,
        1,
        null,
        1,
        1,
        1,
        null,
        1,
        1,
        1,
        null,
        1,
        1,
        1,
        null,
        1,
        1,
        1,
        null,
        1,
        1,
        1,
        null,
        1,
        1,
        1,
        null,
        1,
        1,
        1,
        null,
        1,
        1,
        1,
        null,
        1,
        1,
        1,
        null,
        1,
        1,
        2,
        null,
        1,
        1,
        1,
        2,
        null,
        1,
        1,
        1,
        1,
        null,
        null
      ],
      "C:/Users/marci/OneDrive/Pulpit/TestowanieApp/TestowanieAplikacjiRuby/lib/series.rb": [
        1,
        1,
        15,
        null,
        null,
        1,
        16,
        14,
        null,
        null
      ],
      "C:/Users/marci/OneDrive/Pulpit/TestowanieApp/TestowanieAplikacjiRuby/spec/sum_of_multiples_spec.rb": [
        1,
        1,
        null,
        1,
        1,
        1,
        null,
        null,
        1,
        1,
        1,
        null,
        null,
        1,
        1,
        1,
        null,
        null,
        1,
        1,
        1,
        null,
        null,
        1,
        1,
        1,
        null,
        null,
        1,
        1,
        1,
        null,
        null,
        1,
        1,
        1,
        null,
        null,
        1,
        1,
        1,
        null,
        null,
        1,
        1,
        1,
        null,
        null,
        1,
        1,
        1,
        null,
        null,
        1,
        1,
        1,
        null,
        null,
        1,
        1,
        1,
        null,
        null,
        1,
        1,
        1,
        null,
        null,
        1,
        1,
        1,
        null,
        null,
        1,
        1,
        1,
        null,
        null,
        null,
        null,
        null
      ],
      "C:/Users/marci/OneDrive/Pulpit/TestowanieApp/TestowanieAplikacjiRuby/lib/sum_of_multiples.rb": [
        1,
        1,
        15,
        15,
        30,
        null,
        null,
        null,
        1,
        15,
        15,
        15,
        30,
        30,
        13923,
        9070,
        9070,
        null,
        13923,
        null,
        null,
        15,
        null,
        null
      ],
      "C:/Users/marci/OneDrive/Pulpit/TestowanieApp/TestowanieAplikacjiRuby/spec/twelve_days_spec.rb": [
        1,
        1,
        1,
        1,
        1,
        1,
        null,
        null
      ],
      "C:/Users/marci/OneDrive/Pulpit/TestowanieApp/TestowanieAplikacjiRuby/lib/twelve_days.rb": [
        1,
        1,
        1,
        1,
        1,
        null,
        null,
        null
      ],
      "C:/Users/marci/OneDrive/Pulpit/TestowanieApp/TestowanieAplikacjiRuby/spec/two_fer_spec.rb": [
        1,
        1,
        1,
        1,
        null,
        1,
        1,
        null,
        1,
        1,
        null,
        null
      ],
      "C:/Users/marci/OneDrive/Pulpit/TestowanieApp/TestowanieAplikacjiRuby/lib/two_fer.rb": [
        1,
        1,
        3,
        1,
        null,
        2,
        null,
        null,
        null
      ]
    },
    "timestamp": 1572819578
  }
}
